2018-03-10 21:38:02 [192.168.1.20][-][-][warning][yii\debug\Module::checkAccess] Access to debugger is denied due to IP address restriction. The requesting IP address is 192.168.1.20
    in /home/www/biaobai/views/layouts/main.php:78
    in /home/www/biaobai/controllers/SiteController.php:64
2018-03-10 21:38:02 [192.168.1.20][-][-][warning][yii\debug\Module::checkAccess] Access to debugger is denied due to IP address restriction. The requesting IP address is 192.168.1.20
2018-03-10 21:38:01 [192.168.1.20][-][-][info][application] $_GET = []

$_POST = []

$_FILES = []

$_COOKIE = []

$_SESSION = [
    '__flash' => []
]

$_SERVER = [
    'USER' => 'www'
    'HOME' => '/home/www'
    'FCGI_ROLE' => 'RESPONDER'
    'SCRIPT_FILENAME' => '/home/www/biaobai/web/index.php'
    'QUERY_STRING' => ''
    'REQUEST_METHOD' => 'GET'
    'CONTENT_TYPE' => ''
    'CONTENT_LENGTH' => ''
    'SCRIPT_NAME' => '/index.php'
    'REQUEST_URI' => '/'
    'DOCUMENT_URI' => '/index.php'
    'DOCUMENT_ROOT' => '/home/www/biaobai/web'
    'SERVER_PROTOCOL' => 'HTTP/1.1'
    'REQUEST_SCHEME' => 'http'
    'GATEWAY_INTERFACE' => 'CGI/1.1'
    'SERVER_SOFTWARE' => 'nginx/1.12.1'
    'REMOTE_ADDR' => '192.168.1.20'
    'REMOTE_PORT' => '54315'
    'SERVER_ADDR' => '192.168.1.129'
    'SERVER_PORT' => '80'
    'SERVER_NAME' => 'www.biaobai.com'
    'REDIRECT_STATUS' => '200'
    'PHP_ADMIN_VALUE' => 'open_basedir=/home/www/biaobai/web/:/tmp/:/proc/:/data/www/walle-web/web/:/home/www/biaobai'
    'HTTP_HOST' => 'www.biaobai.com'
    'HTTP_CONNECTION' => 'keep-alive'
    'HTTP_CACHE_CONTROL' => 'max-age=0'
    'HTTP_UPGRADE_INSECURE_REQUESTS' => '1'
    'HTTP_USER_AGENT' => 'Mozilla/5.0 (Windows NT 10.0; WOW64) AppleWebKit/537.36 (KHTML, like Gecko) Chrome/64.0.3282.186 Safari/537.36'
    'HTTP_ACCEPT' => 'text/html,application/xhtml+xml,application/xml;q=0.9,image/webp,image/apng,*/*;q=0.8'
    'HTTP_ACCEPT_ENCODING' => 'gzip, deflate'
    'HTTP_ACCEPT_LANGUAGE' => 'zh-CN,zh;q=0.9'
    'PHP_SELF' => '/index.php'
    'REQUEST_TIME_FLOAT' => 1520689081.8974
    'REQUEST_TIME' => 1520689081
]
2018-03-10 22:25:08 [192.168.1.20][-][-][warning][yii\debug\Module::checkAccess] Access to debugger is denied due to IP address restriction. The requesting IP address is 192.168.1.20
    in /home/www/biaobai/views/layouts/main.php:78
    in /home/www/biaobai/controllers/SiteController.php:86
2018-03-10 22:25:08 [192.168.1.20][-][-][warning][yii\debug\Module::checkAccess] Access to debugger is denied due to IP address restriction. The requesting IP address is 192.168.1.20
2018-03-10 22:25:07 [192.168.1.20][-][-][info][application] $_GET = [
    'r' => 'site/login'
]

$_POST = []

$_FILES = []

$_COOKIE = [
    'PHPSESSID' => 'mab24t903aq5q5lsugrtdbnd90'
    '_csrf' => 'e5651c801e49d46bbbd874b69474160f05fb76bd5083d876119bf0d49df1f108a:2:{i:0;s:5:\"_csrf\";i:1;s:32:\"jKDEdAIfpmVYG2C88QojjlrvFVOrYo7K\";}'
]

$_SESSION = [
    '__flash' => []
]

$_SERVER = [
    'USER' => 'www'
    'HOME' => '/home/www'
    'FCGI_ROLE' => 'RESPONDER'
    'SCRIPT_FILENAME' => '/home/www/biaobai/web/index.php'
    'QUERY_STRING' => 'r=site%2Flogin'
    'REQUEST_METHOD' => 'GET'
    'CONTENT_TYPE' => ''
    'CONTENT_LENGTH' => ''
    'SCRIPT_NAME' => '/index.php'
    'REQUEST_URI' => '/index.php?r=site%2Flogin'
    'DOCUMENT_URI' => '/index.php'
    'DOCUMENT_ROOT' => '/home/www/biaobai/web'
    'SERVER_PROTOCOL' => 'HTTP/1.1'
    'REQUEST_SCHEME' => 'http'
    'GATEWAY_INTERFACE' => 'CGI/1.1'
    'SERVER_SOFTWARE' => 'nginx/1.12.1'
    'REMOTE_ADDR' => '192.168.1.20'
    'REMOTE_PORT' => '54903'
    'SERVER_ADDR' => '192.168.1.129'
    'SERVER_PORT' => '80'
    'SERVER_NAME' => 'www.biaobai.com'
    'REDIRECT_STATUS' => '200'
    'PHP_ADMIN_VALUE' => 'open_basedir=/home/www/biaobai/web/:/tmp/:/proc/:/data/www/walle-web/web/:/home/www/biaobai'
    'HTTP_HOST' => 'www.biaobai.com'
    'HTTP_CONNECTION' => 'keep-alive'
    'HTTP_UPGRADE_INSECURE_REQUESTS' => '1'
    'HTTP_USER_AGENT' => 'Mozilla/5.0 (Windows NT 10.0; WOW64) AppleWebKit/537.36 (KHTML, like Gecko) Chrome/64.0.3282.186 Safari/537.36'
    'HTTP_ACCEPT' => 'text/html,application/xhtml+xml,application/xml;q=0.9,image/webp,image/apng,*/*;q=0.8'
    'HTTP_REFERER' => 'http://www.biaobai.com/'
    'HTTP_ACCEPT_ENCODING' => 'gzip, deflate'
    'HTTP_ACCEPT_LANGUAGE' => 'zh-CN,zh;q=0.9'
    'HTTP_COOKIE' => 'PHPSESSID=mab24t903aq5q5lsugrtdbnd90; _csrf=e5651c801e49d46bbbd874b69474160f05fb76bd5083d876119bf0d49df1f108a%3A2%3A%7Bi%3A0%3Bs%3A5%3A%22_csrf%22%3Bi%3A1%3Bs%3A32%3A%22jKDEdAIfpmVYG2C88QojjlrvFVOrYo7K%22%3B%7D'
    'PHP_SELF' => '/index.php'
    'REQUEST_TIME_FLOAT' => 1520691907.8974
    'REQUEST_TIME' => 1520691907
]
2018-03-10 22:25:11 [192.168.1.20][-][-][warning][yii\debug\Module::checkAccess] Access to debugger is denied due to IP address restriction. The requesting IP address is 192.168.1.20
    in /home/www/biaobai/views/layouts/main.php:78
    in /home/www/biaobai/controllers/SiteController.php:64
2018-03-10 22:25:11 [192.168.1.20][-][-][warning][yii\debug\Module::checkAccess] Access to debugger is denied due to IP address restriction. The requesting IP address is 192.168.1.20
2018-03-10 22:25:11 [192.168.1.20][-][-][info][application] $_GET = [
    'r' => 'site/index'
]

$_POST = []

$_FILES = []

$_COOKIE = [
    'PHPSESSID' => 'mab24t903aq5q5lsugrtdbnd90'
    '_csrf' => 'e5651c801e49d46bbbd874b69474160f05fb76bd5083d876119bf0d49df1f108a:2:{i:0;s:5:\"_csrf\";i:1;s:32:\"jKDEdAIfpmVYG2C88QojjlrvFVOrYo7K\";}'
]

$_SESSION = [
    '__flash' => []
]

$_SERVER = [
    'USER' => 'www'
    'HOME' => '/home/www'
    'FCGI_ROLE' => 'RESPONDER'
    'SCRIPT_FILENAME' => '/home/www/biaobai/web/index.php'
    'QUERY_STRING' => 'r=site%2Findex'
    'REQUEST_METHOD' => 'GET'
    'CONTENT_TYPE' => ''
    'CONTENT_LENGTH' => ''
    'SCRIPT_NAME' => '/index.php'
    'REQUEST_URI' => '/index.php?r=site%2Findex'
    'DOCUMENT_URI' => '/index.php'
    'DOCUMENT_ROOT' => '/home/www/biaobai/web'
    'SERVER_PROTOCOL' => 'HTTP/1.1'
    'REQUEST_SCHEME' => 'http'
    'GATEWAY_INTERFACE' => 'CGI/1.1'
    'SERVER_SOFTWARE' => 'nginx/1.12.1'
    'REMOTE_ADDR' => '192.168.1.20'
    'REMOTE_PORT' => '54905'
    'SERVER_ADDR' => '192.168.1.129'
    'SERVER_PORT' => '80'
    'SERVER_NAME' => 'www.biaobai.com'
    'REDIRECT_STATUS' => '200'
    'PHP_ADMIN_VALUE' => 'open_basedir=/home/www/biaobai/web/:/tmp/:/proc/:/data/www/walle-web/web/:/home/www/biaobai'
    'HTTP_HOST' => 'www.biaobai.com'
    'HTTP_CONNECTION' => 'keep-alive'
    'HTTP_UPGRADE_INSECURE_REQUESTS' => '1'
    'HTTP_USER_AGENT' => 'Mozilla/5.0 (Windows NT 10.0; WOW64) AppleWebKit/537.36 (KHTML, like Gecko) Chrome/64.0.3282.186 Safari/537.36'
    'HTTP_ACCEPT' => 'text/html,application/xhtml+xml,application/xml;q=0.9,image/webp,image/apng,*/*;q=0.8'
    'HTTP_REFERER' => 'http://www.biaobai.com/index.php?r=site%2Flogin'
    'HTTP_ACCEPT_ENCODING' => 'gzip, deflate'
    'HTTP_ACCEPT_LANGUAGE' => 'zh-CN,zh;q=0.9'
    'HTTP_COOKIE' => 'PHPSESSID=mab24t903aq5q5lsugrtdbnd90; _csrf=e5651c801e49d46bbbd874b69474160f05fb76bd5083d876119bf0d49df1f108a%3A2%3A%7Bi%3A0%3Bs%3A5%3A%22_csrf%22%3Bi%3A1%3Bs%3A32%3A%22jKDEdAIfpmVYG2C88QojjlrvFVOrYo7K%22%3B%7D'
    'PHP_SELF' => '/index.php'
    'REQUEST_TIME_FLOAT' => 1520691911.638
    'REQUEST_TIME' => 1520691911
]
2018-03-10 22:25:12 [192.168.1.20][-][-][warning][yii\debug\Module::checkAccess] Access to debugger is denied due to IP address restriction. The requesting IP address is 192.168.1.20
    in /home/www/biaobai/views/layouts/main.php:78
    in /home/www/biaobai/controllers/SiteController.php:126
2018-03-10 22:25:12 [192.168.1.20][-][-][warning][yii\debug\Module::checkAccess] Access to debugger is denied due to IP address restriction. The requesting IP address is 192.168.1.20
2018-03-10 22:25:12 [192.168.1.20][-][-][info][application] $_GET = [
    'r' => 'site/about'
]

$_POST = []

$_FILES = []

$_COOKIE = [
    'PHPSESSID' => 'mab24t903aq5q5lsugrtdbnd90'
    '_csrf' => 'e5651c801e49d46bbbd874b69474160f05fb76bd5083d876119bf0d49df1f108a:2:{i:0;s:5:\"_csrf\";i:1;s:32:\"jKDEdAIfpmVYG2C88QojjlrvFVOrYo7K\";}'
]

$_SESSION = [
    '__flash' => []
]

$_SERVER = [
    'USER' => 'www'
    'HOME' => '/home/www'
    'FCGI_ROLE' => 'RESPONDER'
    'SCRIPT_FILENAME' => '/home/www/biaobai/web/index.php'
    'QUERY_STRING' => 'r=site%2Fabout'
    'REQUEST_METHOD' => 'GET'
    'CONTENT_TYPE' => ''
    'CONTENT_LENGTH' => ''
    'SCRIPT_NAME' => '/index.php'
    'REQUEST_URI' => '/index.php?r=site%2Fabout'
    'DOCUMENT_URI' => '/index.php'
    'DOCUMENT_ROOT' => '/home/www/biaobai/web'
    'SERVER_PROTOCOL' => 'HTTP/1.1'
    'REQUEST_SCHEME' => 'http'
    'GATEWAY_INTERFACE' => 'CGI/1.1'
    'SERVER_SOFTWARE' => 'nginx/1.12.1'
    'REMOTE_ADDR' => '192.168.1.20'
    'REMOTE_PORT' => '54905'
    'SERVER_ADDR' => '192.168.1.129'
    'SERVER_PORT' => '80'
    'SERVER_NAME' => 'www.biaobai.com'
    'REDIRECT_STATUS' => '200'
    'PHP_ADMIN_VALUE' => 'open_basedir=/home/www/biaobai/web/:/tmp/:/proc/:/data/www/walle-web/web/:/home/www/biaobai'
    'HTTP_HOST' => 'www.biaobai.com'
    'HTTP_CONNECTION' => 'keep-alive'
    'HTTP_UPGRADE_INSECURE_REQUESTS' => '1'
    'HTTP_USER_AGENT' => 'Mozilla/5.0 (Windows NT 10.0; WOW64) AppleWebKit/537.36 (KHTML, like Gecko) Chrome/64.0.3282.186 Safari/537.36'
    'HTTP_ACCEPT' => 'text/html,application/xhtml+xml,application/xml;q=0.9,image/webp,image/apng,*/*;q=0.8'
    'HTTP_REFERER' => 'http://www.biaobai.com/index.php?r=site%2Findex'
    'HTTP_ACCEPT_ENCODING' => 'gzip, deflate'
    'HTTP_ACCEPT_LANGUAGE' => 'zh-CN,zh;q=0.9'
    'HTTP_COOKIE' => 'PHPSESSID=mab24t903aq5q5lsugrtdbnd90; _csrf=e5651c801e49d46bbbd874b69474160f05fb76bd5083d876119bf0d49df1f108a%3A2%3A%7Bi%3A0%3Bs%3A5%3A%22_csrf%22%3Bi%3A1%3Bs%3A32%3A%22jKDEdAIfpmVYG2C88QojjlrvFVOrYo7K%22%3B%7D'
    'PHP_SELF' => '/index.php'
    'REQUEST_TIME_FLOAT' => 1520691912.7263
    'REQUEST_TIME' => 1520691912
]
2018-03-10 22:25:13 [192.168.1.20][-][-][warning][yii\debug\Module::checkAccess] Access to debugger is denied due to IP address restriction. The requesting IP address is 192.168.1.20
    in /home/www/biaobai/views/layouts/main.php:78
    in /home/www/biaobai/controllers/SiteController.php:116
2018-03-10 22:25:13 [192.168.1.20][-][-][warning][yii\debug\Module::checkAccess] Access to debugger is denied due to IP address restriction. The requesting IP address is 192.168.1.20
2018-03-10 22:25:13 [192.168.1.20][-][-][info][application] $_GET = [
    'r' => 'site/contact'
]

$_POST = []

$_FILES = []

$_COOKIE = [
    'PHPSESSID' => 'mab24t903aq5q5lsugrtdbnd90'
    '_csrf' => 'e5651c801e49d46bbbd874b69474160f05fb76bd5083d876119bf0d49df1f108a:2:{i:0;s:5:\"_csrf\";i:1;s:32:\"jKDEdAIfpmVYG2C88QojjlrvFVOrYo7K\";}'
]

$_SESSION = [
    '__flash' => []
    '__captcha/site/captcha' => 'recazo'
    '__captcha/site/captchacount' => 1
]

$_SERVER = [
    'USER' => 'www'
    'HOME' => '/home/www'
    'FCGI_ROLE' => 'RESPONDER'
    'SCRIPT_FILENAME' => '/home/www/biaobai/web/index.php'
    'QUERY_STRING' => 'r=site%2Fcontact'
    'REQUEST_METHOD' => 'GET'
    'CONTENT_TYPE' => ''
    'CONTENT_LENGTH' => ''
    'SCRIPT_NAME' => '/index.php'
    'REQUEST_URI' => '/index.php?r=site%2Fcontact'
    'DOCUMENT_URI' => '/index.php'
    'DOCUMENT_ROOT' => '/home/www/biaobai/web'
    'SERVER_PROTOCOL' => 'HTTP/1.1'
    'REQUEST_SCHEME' => 'http'
    'GATEWAY_INTERFACE' => 'CGI/1.1'
    'SERVER_SOFTWARE' => 'nginx/1.12.1'
    'REMOTE_ADDR' => '192.168.1.20'
    'REMOTE_PORT' => '54905'
    'SERVER_ADDR' => '192.168.1.129'
    'SERVER_PORT' => '80'
    'SERVER_NAME' => 'www.biaobai.com'
    'REDIRECT_STATUS' => '200'
    'PHP_ADMIN_VALUE' => 'open_basedir=/home/www/biaobai/web/:/tmp/:/proc/:/data/www/walle-web/web/:/home/www/biaobai'
    'HTTP_HOST' => 'www.biaobai.com'
    'HTTP_CONNECTION' => 'keep-alive'
    'HTTP_UPGRADE_INSECURE_REQUESTS' => '1'
    'HTTP_USER_AGENT' => 'Mozilla/5.0 (Windows NT 10.0; WOW64) AppleWebKit/537.36 (KHTML, like Gecko) Chrome/64.0.3282.186 Safari/537.36'
    'HTTP_ACCEPT' => 'text/html,application/xhtml+xml,application/xml;q=0.9,image/webp,image/apng,*/*;q=0.8'
    'HTTP_REFERER' => 'http://www.biaobai.com/index.php?r=site%2Fabout'
    'HTTP_ACCEPT_ENCODING' => 'gzip, deflate'
    'HTTP_ACCEPT_LANGUAGE' => 'zh-CN,zh;q=0.9'
    'HTTP_COOKIE' => 'PHPSESSID=mab24t903aq5q5lsugrtdbnd90; _csrf=e5651c801e49d46bbbd874b69474160f05fb76bd5083d876119bf0d49df1f108a%3A2%3A%7Bi%3A0%3Bs%3A5%3A%22_csrf%22%3Bi%3A1%3Bs%3A32%3A%22jKDEdAIfpmVYG2C88QojjlrvFVOrYo7K%22%3B%7D'
    'PHP_SELF' => '/index.php'
    'REQUEST_TIME_FLOAT' => 1520691913.5421
    'REQUEST_TIME' => 1520691913
]
2018-03-10 22:25:13 [192.168.1.20][-][-][warning][yii\debug\Module::checkAccess] Access to debugger is denied due to IP address restriction. The requesting IP address is 192.168.1.20
2018-03-10 22:25:13 [192.168.1.20][-][-][info][application] $_GET = [
    'r' => 'site/captcha'
    'v' => '5aa3eac99842b'
]

$_POST = []

$_FILES = []

$_COOKIE = [
    'PHPSESSID' => 'mab24t903aq5q5lsugrtdbnd90'
    '_csrf' => 'e5651c801e49d46bbbd874b69474160f05fb76bd5083d876119bf0d49df1f108a:2:{i:0;s:5:\"_csrf\";i:1;s:32:\"jKDEdAIfpmVYG2C88QojjlrvFVOrYo7K\";}'
]

$_SESSION = [
    '__flash' => []
    '__captcha/site/captcha' => 'recazo'
    '__captcha/site/captchacount' => 1
]

$_SERVER = [
    'USER' => 'www'
    'HOME' => '/home/www'
    'FCGI_ROLE' => 'RESPONDER'
    'SCRIPT_FILENAME' => '/home/www/biaobai/web/index.php'
    'QUERY_STRING' => 'r=site%2Fcaptcha&v=5aa3eac99842b'
    'REQUEST_METHOD' => 'GET'
    'CONTENT_TYPE' => ''
    'CONTENT_LENGTH' => ''
    'SCRIPT_NAME' => '/index.php'
    'REQUEST_URI' => '/index.php?r=site%2Fcaptcha&v=5aa3eac99842b'
    'DOCUMENT_URI' => '/index.php'
    'DOCUMENT_ROOT' => '/home/www/biaobai/web'
    'SERVER_PROTOCOL' => 'HTTP/1.1'
    'REQUEST_SCHEME' => 'http'
    'GATEWAY_INTERFACE' => 'CGI/1.1'
    'SERVER_SOFTWARE' => 'nginx/1.12.1'
    'REMOTE_ADDR' => '192.168.1.20'
    'REMOTE_PORT' => '54905'
    'SERVER_ADDR' => '192.168.1.129'
    'SERVER_PORT' => '80'
    'SERVER_NAME' => 'www.biaobai.com'
    'REDIRECT_STATUS' => '200'
    'PHP_ADMIN_VALUE' => 'open_basedir=/home/www/biaobai/web/:/tmp/:/proc/:/data/www/walle-web/web/:/home/www/biaobai'
    'HTTP_HOST' => 'www.biaobai.com'
    'HTTP_CONNECTION' => 'keep-alive'
    'HTTP_USER_AGENT' => 'Mozilla/5.0 (Windows NT 10.0; WOW64) AppleWebKit/537.36 (KHTML, like Gecko) Chrome/64.0.3282.186 Safari/537.36'
    'HTTP_ACCEPT' => 'image/webp,image/apng,image/*,*/*;q=0.8'
    'HTTP_REFERER' => 'http://www.biaobai.com/index.php?r=site%2Fcontact'
    'HTTP_ACCEPT_ENCODING' => 'gzip, deflate'
    'HTTP_ACCEPT_LANGUAGE' => 'zh-CN,zh;q=0.9'
    'HTTP_COOKIE' => 'PHPSESSID=mab24t903aq5q5lsugrtdbnd90; _csrf=e5651c801e49d46bbbd874b69474160f05fb76bd5083d876119bf0d49df1f108a%3A2%3A%7Bi%3A0%3Bs%3A5%3A%22_csrf%22%3Bi%3A1%3Bs%3A32%3A%22jKDEdAIfpmVYG2C88QojjlrvFVOrYo7K%22%3B%7D'
    'PHP_SELF' => '/index.php'
    'REQUEST_TIME_FLOAT' => 1520691913.6393
    'REQUEST_TIME' => 1520691913
]
2018-03-10 22:25:14 [192.168.1.20][-][-][warning][yii\debug\Module::checkAccess] Access to debugger is denied due to IP address restriction. The requesting IP address is 192.168.1.20
    in /home/www/biaobai/views/layouts/main.php:78
    in /home/www/biaobai/controllers/SiteController.php:86
2018-03-10 22:25:14 [192.168.1.20][-][-][warning][yii\debug\Module::checkAccess] Access to debugger is denied due to IP address restriction. The requesting IP address is 192.168.1.20
2018-03-10 22:25:14 [192.168.1.20][-][-][info][application] $_GET = [
    'r' => 'site/login'
]

$_POST = []

$_FILES = []

$_COOKIE = [
    'PHPSESSID' => 'mab24t903aq5q5lsugrtdbnd90'
    '_csrf' => 'e5651c801e49d46bbbd874b69474160f05fb76bd5083d876119bf0d49df1f108a:2:{i:0;s:5:\"_csrf\";i:1;s:32:\"jKDEdAIfpmVYG2C88QojjlrvFVOrYo7K\";}'
]

$_SESSION = [
    '__flash' => []
    '__captcha/site/captcha' => 'recazo'
    '__captcha/site/captchacount' => 1
]

$_SERVER = [
    'USER' => 'www'
    'HOME' => '/home/www'
    'FCGI_ROLE' => 'RESPONDER'
    'SCRIPT_FILENAME' => '/home/www/biaobai/web/index.php'
    'QUERY_STRING' => 'r=site%2Flogin'
    'REQUEST_METHOD' => 'GET'
    'CONTENT_TYPE' => ''
    'CONTENT_LENGTH' => ''
    'SCRIPT_NAME' => '/index.php'
    'REQUEST_URI' => '/index.php?r=site%2Flogin'
    'DOCUMENT_URI' => '/index.php'
    'DOCUMENT_ROOT' => '/home/www/biaobai/web'
    'SERVER_PROTOCOL' => 'HTTP/1.1'
    'REQUEST_SCHEME' => 'http'
    'GATEWAY_INTERFACE' => 'CGI/1.1'
    'SERVER_SOFTWARE' => 'nginx/1.12.1'
    'REMOTE_ADDR' => '192.168.1.20'
    'REMOTE_PORT' => '54905'
    'SERVER_ADDR' => '192.168.1.129'
    'SERVER_PORT' => '80'
    'SERVER_NAME' => 'www.biaobai.com'
    'REDIRECT_STATUS' => '200'
    'PHP_ADMIN_VALUE' => 'open_basedir=/home/www/biaobai/web/:/tmp/:/proc/:/data/www/walle-web/web/:/home/www/biaobai'
    'HTTP_HOST' => 'www.biaobai.com'
    'HTTP_CONNECTION' => 'keep-alive'
    'HTTP_UPGRADE_INSECURE_REQUESTS' => '1'
    'HTTP_USER_AGENT' => 'Mozilla/5.0 (Windows NT 10.0; WOW64) AppleWebKit/537.36 (KHTML, like Gecko) Chrome/64.0.3282.186 Safari/537.36'
    'HTTP_ACCEPT' => 'text/html,application/xhtml+xml,application/xml;q=0.9,image/webp,image/apng,*/*;q=0.8'
    'HTTP_REFERER' => 'http://www.biaobai.com/index.php?r=site%2Fcontact'
    'HTTP_ACCEPT_ENCODING' => 'gzip, deflate'
    'HTTP_ACCEPT_LANGUAGE' => 'zh-CN,zh;q=0.9'
    'HTTP_COOKIE' => 'PHPSESSID=mab24t903aq5q5lsugrtdbnd90; _csrf=e5651c801e49d46bbbd874b69474160f05fb76bd5083d876119bf0d49df1f108a%3A2%3A%7Bi%3A0%3Bs%3A5%3A%22_csrf%22%3Bi%3A1%3Bs%3A32%3A%22jKDEdAIfpmVYG2C88QojjlrvFVOrYo7K%22%3B%7D'
    'PHP_SELF' => '/index.php'
    'REQUEST_TIME_FLOAT' => 1520691914.4217
    'REQUEST_TIME' => 1520691914
]
2018-03-10 22:25:15 [192.168.1.20][-][-][warning][yii\debug\Module::checkAccess] Access to debugger is denied due to IP address restriction. The requesting IP address is 192.168.1.20
    in /home/www/biaobai/views/layouts/main.php:78
    in /home/www/biaobai/controllers/SiteController.php:116
2018-03-10 22:25:15 [192.168.1.20][-][-][warning][yii\debug\Module::checkAccess] Access to debugger is denied due to IP address restriction. The requesting IP address is 192.168.1.20
2018-03-10 22:25:15 [192.168.1.20][-][-][info][application] $_GET = [
    'r' => 'site/contact'
]

$_POST = []

$_FILES = []

$_COOKIE = [
    'PHPSESSID' => 'mab24t903aq5q5lsugrtdbnd90'
    '_csrf' => 'e5651c801e49d46bbbd874b69474160f05fb76bd5083d876119bf0d49df1f108a:2:{i:0;s:5:\"_csrf\";i:1;s:32:\"jKDEdAIfpmVYG2C88QojjlrvFVOrYo7K\";}'
]

$_SESSION = [
    '__flash' => []
    '__captcha/site/captcha' => 'recazo'
    '__captcha/site/captchacount' => 1
]

$_SERVER = [
    'USER' => 'www'
    'HOME' => '/home/www'
    'FCGI_ROLE' => 'RESPONDER'
    'SCRIPT_FILENAME' => '/home/www/biaobai/web/index.php'
    'QUERY_STRING' => 'r=site%2Fcontact'
    'REQUEST_METHOD' => 'GET'
    'CONTENT_TYPE' => ''
    'CONTENT_LENGTH' => ''
    'SCRIPT_NAME' => '/index.php'
    'REQUEST_URI' => '/index.php?r=site%2Fcontact'
    'DOCUMENT_URI' => '/index.php'
    'DOCUMENT_ROOT' => '/home/www/biaobai/web'
    'SERVER_PROTOCOL' => 'HTTP/1.1'
    'REQUEST_SCHEME' => 'http'
    'GATEWAY_INTERFACE' => 'CGI/1.1'
    'SERVER_SOFTWARE' => 'nginx/1.12.1'
    'REMOTE_ADDR' => '192.168.1.20'
    'REMOTE_PORT' => '54905'
    'SERVER_ADDR' => '192.168.1.129'
    'SERVER_PORT' => '80'
    'SERVER_NAME' => 'www.biaobai.com'
    'REDIRECT_STATUS' => '200'
    'PHP_ADMIN_VALUE' => 'open_basedir=/home/www/biaobai/web/:/tmp/:/proc/:/data/www/walle-web/web/:/home/www/biaobai'
    'HTTP_HOST' => 'www.biaobai.com'
    'HTTP_CONNECTION' => 'keep-alive'
    'HTTP_UPGRADE_INSECURE_REQUESTS' => '1'
    'HTTP_USER_AGENT' => 'Mozilla/5.0 (Windows NT 10.0; WOW64) AppleWebKit/537.36 (KHTML, like Gecko) Chrome/64.0.3282.186 Safari/537.36'
    'HTTP_ACCEPT' => 'text/html,application/xhtml+xml,application/xml;q=0.9,image/webp,image/apng,*/*;q=0.8'
    'HTTP_REFERER' => 'http://www.biaobai.com/index.php?r=site%2Flogin'
    'HTTP_ACCEPT_ENCODING' => 'gzip, deflate'
    'HTTP_ACCEPT_LANGUAGE' => 'zh-CN,zh;q=0.9'
    'HTTP_COOKIE' => 'PHPSESSID=mab24t903aq5q5lsugrtdbnd90; _csrf=e5651c801e49d46bbbd874b69474160f05fb76bd5083d876119bf0d49df1f108a%3A2%3A%7Bi%3A0%3Bs%3A5%3A%22_csrf%22%3Bi%3A1%3Bs%3A32%3A%22jKDEdAIfpmVYG2C88QojjlrvFVOrYo7K%22%3B%7D'
    'PHP_SELF' => '/index.php'
    'REQUEST_TIME_FLOAT' => 1520691915.2935
    'REQUEST_TIME' => 1520691915
]
2018-03-10 22:25:15 [192.168.1.20][-][-][warning][yii\debug\Module::checkAccess] Access to debugger is denied due to IP address restriction. The requesting IP address is 192.168.1.20
2018-03-10 22:25:15 [192.168.1.20][-][-][info][application] $_GET = [
    'r' => 'site/captcha'
    'v' => '5aa3eacb53551'
]

$_POST = []

$_FILES = []

$_COOKIE = [
    'PHPSESSID' => 'mab24t903aq5q5lsugrtdbnd90'
    '_csrf' => 'e5651c801e49d46bbbd874b69474160f05fb76bd5083d876119bf0d49df1f108a:2:{i:0;s:5:\"_csrf\";i:1;s:32:\"jKDEdAIfpmVYG2C88QojjlrvFVOrYo7K\";}'
]

$_SESSION = [
    '__flash' => []
    '__captcha/site/captcha' => 'recazo'
    '__captcha/site/captchacount' => 1
]

$_SERVER = [
    'USER' => 'www'
    'HOME' => '/home/www'
    'FCGI_ROLE' => 'RESPONDER'
    'SCRIPT_FILENAME' => '/home/www/biaobai/web/index.php'
    'QUERY_STRING' => 'r=site%2Fcaptcha&v=5aa3eacb53551'
    'REQUEST_METHOD' => 'GET'
    'CONTENT_TYPE' => ''
    'CONTENT_LENGTH' => ''
    'SCRIPT_NAME' => '/index.php'
    'REQUEST_URI' => '/index.php?r=site%2Fcaptcha&v=5aa3eacb53551'
    'DOCUMENT_URI' => '/index.php'
    'DOCUMENT_ROOT' => '/home/www/biaobai/web'
    'SERVER_PROTOCOL' => 'HTTP/1.1'
    'REQUEST_SCHEME' => 'http'
    'GATEWAY_INTERFACE' => 'CGI/1.1'
    'SERVER_SOFTWARE' => 'nginx/1.12.1'
    'REMOTE_ADDR' => '192.168.1.20'
    'REMOTE_PORT' => '54905'
    'SERVER_ADDR' => '192.168.1.129'
    'SERVER_PORT' => '80'
    'SERVER_NAME' => 'www.biaobai.com'
    'REDIRECT_STATUS' => '200'
    'PHP_ADMIN_VALUE' => 'open_basedir=/home/www/biaobai/web/:/tmp/:/proc/:/data/www/walle-web/web/:/home/www/biaobai'
    'HTTP_HOST' => 'www.biaobai.com'
    'HTTP_CONNECTION' => 'keep-alive'
    'HTTP_USER_AGENT' => 'Mozilla/5.0 (Windows NT 10.0; WOW64) AppleWebKit/537.36 (KHTML, like Gecko) Chrome/64.0.3282.186 Safari/537.36'
    'HTTP_ACCEPT' => 'image/webp,image/apng,image/*,*/*;q=0.8'
    'HTTP_REFERER' => 'http://www.biaobai.com/index.php?r=site%2Fcontact'
    'HTTP_ACCEPT_ENCODING' => 'gzip, deflate'
    'HTTP_ACCEPT_LANGUAGE' => 'zh-CN,zh;q=0.9'
    'HTTP_COOKIE' => 'PHPSESSID=mab24t903aq5q5lsugrtdbnd90; _csrf=e5651c801e49d46bbbd874b69474160f05fb76bd5083d876119bf0d49df1f108a%3A2%3A%7Bi%3A0%3Bs%3A5%3A%22_csrf%22%3Bi%3A1%3Bs%3A32%3A%22jKDEdAIfpmVYG2C88QojjlrvFVOrYo7K%22%3B%7D'
    'PHP_SELF' => '/index.php'
    'REQUEST_TIME_FLOAT' => 1520691915.3572
    'REQUEST_TIME' => 1520691915
]
2018-03-10 22:25:15 [192.168.1.20][-][-][warning][yii\debug\Module::checkAccess] Access to debugger is denied due to IP address restriction. The requesting IP address is 192.168.1.20
    in /home/www/biaobai/views/layouts/main.php:78
    in /home/www/biaobai/controllers/SiteController.php:126
2018-03-10 22:25:15 [192.168.1.20][-][-][warning][yii\debug\Module::checkAccess] Access to debugger is denied due to IP address restriction. The requesting IP address is 192.168.1.20
2018-03-10 22:25:15 [192.168.1.20][-][-][info][application] $_GET = [
    'r' => 'site/about'
]

$_POST = []

$_FILES = []

$_COOKIE = [
    'PHPSESSID' => 'mab24t903aq5q5lsugrtdbnd90'
    '_csrf' => 'e5651c801e49d46bbbd874b69474160f05fb76bd5083d876119bf0d49df1f108a:2:{i:0;s:5:\"_csrf\";i:1;s:32:\"jKDEdAIfpmVYG2C88QojjlrvFVOrYo7K\";}'
]

$_SESSION = [
    '__flash' => []
    '__captcha/site/captcha' => 'recazo'
    '__captcha/site/captchacount' => 1
]

$_SERVER = [
    'USER' => 'www'
    'HOME' => '/home/www'
    'FCGI_ROLE' => 'RESPONDER'
    'SCRIPT_FILENAME' => '/home/www/biaobai/web/index.php'
    'QUERY_STRING' => 'r=site%2Fabout'
    'REQUEST_METHOD' => 'GET'
    'CONTENT_TYPE' => ''
    'CONTENT_LENGTH' => ''
    'SCRIPT_NAME' => '/index.php'
    'REQUEST_URI' => '/index.php?r=site%2Fabout'
    'DOCUMENT_URI' => '/index.php'
    'DOCUMENT_ROOT' => '/home/www/biaobai/web'
    'SERVER_PROTOCOL' => 'HTTP/1.1'
    'REQUEST_SCHEME' => 'http'
    'GATEWAY_INTERFACE' => 'CGI/1.1'
    'SERVER_SOFTWARE' => 'nginx/1.12.1'
    'REMOTE_ADDR' => '192.168.1.20'
    'REMOTE_PORT' => '54905'
    'SERVER_ADDR' => '192.168.1.129'
    'SERVER_PORT' => '80'
    'SERVER_NAME' => 'www.biaobai.com'
    'REDIRECT_STATUS' => '200'
    'PHP_ADMIN_VALUE' => 'open_basedir=/home/www/biaobai/web/:/tmp/:/proc/:/data/www/walle-web/web/:/home/www/biaobai'
    'HTTP_HOST' => 'www.biaobai.com'
    'HTTP_CONNECTION' => 'keep-alive'
    'HTTP_UPGRADE_INSECURE_REQUESTS' => '1'
    'HTTP_USER_AGENT' => 'Mozilla/5.0 (Windows NT 10.0; WOW64) AppleWebKit/537.36 (KHTML, like Gecko) Chrome/64.0.3282.186 Safari/537.36'
    'HTTP_ACCEPT' => 'text/html,application/xhtml+xml,application/xml;q=0.9,image/webp,image/apng,*/*;q=0.8'
    'HTTP_REFERER' => 'http://www.biaobai.com/index.php?r=site%2Fcontact'
    'HTTP_ACCEPT_ENCODING' => 'gzip, deflate'
    'HTTP_ACCEPT_LANGUAGE' => 'zh-CN,zh;q=0.9'
    'HTTP_COOKIE' => 'PHPSESSID=mab24t903aq5q5lsugrtdbnd90; _csrf=e5651c801e49d46bbbd874b69474160f05fb76bd5083d876119bf0d49df1f108a%3A2%3A%7Bi%3A0%3Bs%3A5%3A%22_csrf%22%3Bi%3A1%3Bs%3A32%3A%22jKDEdAIfpmVYG2C88QojjlrvFVOrYo7K%22%3B%7D'
    'PHP_SELF' => '/index.php'
    'REQUEST_TIME_FLOAT' => 1520691915.9492
    'REQUEST_TIME' => 1520691915
]
2018-03-10 22:25:16 [192.168.1.20][-][-][warning][yii\debug\Module::checkAccess] Access to debugger is denied due to IP address restriction. The requesting IP address is 192.168.1.20
    in /home/www/biaobai/views/layouts/main.php:78
    in /home/www/biaobai/controllers/SiteController.php:64
2018-03-10 22:25:16 [192.168.1.20][-][-][warning][yii\debug\Module::checkAccess] Access to debugger is denied due to IP address restriction. The requesting IP address is 192.168.1.20
2018-03-10 22:25:16 [192.168.1.20][-][-][info][application] $_GET = [
    'r' => 'site/index'
]

$_POST = []

$_FILES = []

$_COOKIE = [
    'PHPSESSID' => 'mab24t903aq5q5lsugrtdbnd90'
    '_csrf' => 'e5651c801e49d46bbbd874b69474160f05fb76bd5083d876119bf0d49df1f108a:2:{i:0;s:5:\"_csrf\";i:1;s:32:\"jKDEdAIfpmVYG2C88QojjlrvFVOrYo7K\";}'
]

$_SESSION = [
    '__flash' => []
    '__captcha/site/captcha' => 'recazo'
    '__captcha/site/captchacount' => 1
]

$_SERVER = [
    'USER' => 'www'
    'HOME' => '/home/www'
    'FCGI_ROLE' => 'RESPONDER'
    'SCRIPT_FILENAME' => '/home/www/biaobai/web/index.php'
    'QUERY_STRING' => 'r=site%2Findex'
    'REQUEST_METHOD' => 'GET'
    'CONTENT_TYPE' => ''
    'CONTENT_LENGTH' => ''
    'SCRIPT_NAME' => '/index.php'
    'REQUEST_URI' => '/index.php?r=site%2Findex'
    'DOCUMENT_URI' => '/index.php'
    'DOCUMENT_ROOT' => '/home/www/biaobai/web'
    'SERVER_PROTOCOL' => 'HTTP/1.1'
    'REQUEST_SCHEME' => 'http'
    'GATEWAY_INTERFACE' => 'CGI/1.1'
    'SERVER_SOFTWARE' => 'nginx/1.12.1'
    'REMOTE_ADDR' => '192.168.1.20'
    'REMOTE_PORT' => '54905'
    'SERVER_ADDR' => '192.168.1.129'
    'SERVER_PORT' => '80'
    'SERVER_NAME' => 'www.biaobai.com'
    'REDIRECT_STATUS' => '200'
    'PHP_ADMIN_VALUE' => 'open_basedir=/home/www/biaobai/web/:/tmp/:/proc/:/data/www/walle-web/web/:/home/www/biaobai'
    'HTTP_HOST' => 'www.biaobai.com'
    'HTTP_CONNECTION' => 'keep-alive'
    'HTTP_UPGRADE_INSECURE_REQUESTS' => '1'
    'HTTP_USER_AGENT' => 'Mozilla/5.0 (Windows NT 10.0; WOW64) AppleWebKit/537.36 (KHTML, like Gecko) Chrome/64.0.3282.186 Safari/537.36'
    'HTTP_ACCEPT' => 'text/html,application/xhtml+xml,application/xml;q=0.9,image/webp,image/apng,*/*;q=0.8'
    'HTTP_REFERER' => 'http://www.biaobai.com/index.php?r=site%2Fabout'
    'HTTP_ACCEPT_ENCODING' => 'gzip, deflate'
    'HTTP_ACCEPT_LANGUAGE' => 'zh-CN,zh;q=0.9'
    'HTTP_COOKIE' => 'PHPSESSID=mab24t903aq5q5lsugrtdbnd90; _csrf=e5651c801e49d46bbbd874b69474160f05fb76bd5083d876119bf0d49df1f108a%3A2%3A%7Bi%3A0%3Bs%3A5%3A%22_csrf%22%3Bi%3A1%3Bs%3A32%3A%22jKDEdAIfpmVYG2C88QojjlrvFVOrYo7K%22%3B%7D'
    'PHP_SELF' => '/index.php'
    'REQUEST_TIME_FLOAT' => 1520691916.5417
    'REQUEST_TIME' => 1520691916
]
